INFO  2026-03-03 14:15:34,373 serena.cli:health_check:550 - Starting health check for project: /home/node/.openclaw/workspace-vitalii/op-static-modue
INFO  2026-03-03 14:15:34,373 serena.cli:health_check:554 - Creating SerenaAgent with disabled dashboard...
INFO  2026-03-03 14:15:34,382 serena.agent:__init__:198 - Starting Serena server (version=0.1.4, process id=218155, parent process id=218154)
INFO  2026-03-03 14:15:34,382 serena.agent:__init__:199 - Configuration file: None
INFO  2026-03-03 14:15:34,382 serena.agent:__init__:200 - Available projects: 
INFO  2026-03-03 14:15:34,382 serena.agent:__init__:201 - Loaded tools (36): read_file, create_text_file, list_dir, find_file, replace_regex, delete_lines, replace_lines, insert_at_line, search_for_pattern, restart_language_server, get_symbols_overview, find_symbol, find_referencing_symbols, replace_symbol_body, insert_after_symbol, insert_before_symbol, write_memory, read_memory, list_memories, delete_memory, execute_shell_command, activate_project, remove_project, switch_modes, get_current_config, check_onboarding_performed, onboarding, think_about_collected_information, think_about_task_adherence, think_about_whether_you_are_done, summarize_changes, prepare_for_new_conversation, initial_instructions, jet_brains_find_symbol, jet_brains_find_referencing_symbols, jet_brains_get_symbols_overview
INFO  2026-03-03 14:15:34,382 serena.config.serena_config:apply:106 - SerenaAgentContext[name='desktop-app'] included 1 tools: switch_modes
INFO  2026-03-03 14:15:34,384 serena.agent:__init__:215 - Number of exposed tools: 25
INFO  2026-03-03 14:15:34,396 serena.agent:_update_active_tools:397 - Active tools (25): activate_project, check_onboarding_performed, create_text_file, delete_memory, execute_shell_command, find_file, find_referencing_symbols, find_symbol, get_symbols_overview, insert_after_symbol, insert_before_symbol, list_dir, list_memories, onboarding, prepare_for_new_conversation, read_file, read_memory, replace_regex, replace_symbol_body, search_for_pattern, switch_modes, think_about_collected_information, think_about_task_adherence, think_about_whether_you_are_done, write_memory
INFO  2026-03-03 14:15:34,398 serena.project:__init__:31 - Parsing all gitignore files in /home/node/.openclaw/workspace-vitalii/op-static-modue
INFO  2026-03-03 14:15:34,399 serena.project:__init__:33 - Found 0 gitignore files.
INFO  2026-03-03 14:15:34,399 serena.agent:load_project_from_path_or_name:472 - Added new project op-static-modue for path /home/node/.openclaw/workspace-vitalii/op-static-modue
INFO  2026-03-03 14:15:34,399 serena.agent:_activate_project:437 - Activating op-static-modue at /home/node/.openclaw/workspace-vitalii/op-static-modue
INFO  2026-03-03 14:15:34,399 serena.agent:_update_active_tools:397 - Active tools (25): activate_project, check_onboarding_performed, create_text_file, delete_memory, execute_shell_command, find_file, find_referencing_symbols, find_symbol, get_symbols_overview, insert_after_symbol, insert_before_symbol, list_dir, list_memories, onboarding, prepare_for_new_conversation, read_file, read_memory, replace_regex, replace_symbol_body, search_for_pattern, switch_modes, think_about_collected_information, think_about_task_adherence, think_about_whether_you_are_done, write_memory
INFO  2026-03-03 14:15:34,399 serena.agent:issue_task:416 - Scheduling Task-1[init_language_server]
INFO  2026-03-03 14:15:34,399 serena.agent:start:360 - Task-1[init_language_server] starting ...
INFO  2026-03-03 14:15:34,399 serena.cli:health_check:557 - SerenaAgent created successfully
INFO  2026-03-03 14:15:34,400 serena.agent:start:360 - Language server initialization starting ...
INFO  2026-03-03 14:15:34,400 serena.cli:health_check:560 - Searching for analyzable files...
INFO  2026-03-03 14:15:34,400 serena.project:create_language_server:285 - Creating language server instance for /home/node/.openclaw/workspace-vitalii/op-static-modue.
ERROR 2026-03-03 14:15:34,401 serena.cli:health_check:575 - No analyzable files found in project
